TN:
SF:src/modules/debts/services/CreateDebtsService.ts
FN:14,CreateDebitService
FN:24,Object.<anonymous>.CreateDebitService.execute
FNF:2
FNH:2
FNDA:2,CreateDebitService
FNDA:2,Object.<anonymous>.CreateDebitService.execute
DA:1,1
DA:2,1
DA:3,1
DA:4,1
DA:5,1
DA:6,1
DA:7,1
DA:8,1
DA:9,1
DA:10,1
DA:11,1
DA:12,1
DA:13,1
DA:14,1
DA:15,2
DA:16,2
DA:17,2
DA:18,2
DA:19,2
DA:20,2
DA:21,2
DA:22,2
DA:23,1
DA:24,1
DA:25,2
DA:26,2
DA:27,2
DA:28,1
DA:29,1
DA:30,1
DA:31,1
DA:32,1
DA:33,1
DA:34,1
DA:35,1
DA:36,2
DA:37,2
DA:38,1
DA:39,1
DA:40,1
LF:40
LH:40
BRDA:9,0,0,1
BRDA:14,1,0,2
BRDA:24,2,0,2
BRDA:25,3,0,2
BRDA:27,4,0,1
BRF:5
BRH:5
end_of_record
TN:
SF:src/modules/debts/services/DeleteDebtService.ts
FN:9,DeleteDebtService
FN:16,Object.<anonymous>.DeleteDebtService.execute
FNF:2
FNH:2
FNDA:2,DeleteDebtService
FNDA:2,Object.<anonymous>.DeleteDebtService.execute
DA:1,1
DA:2,1
DA:3,1
DA:4,1
DA:5,1
DA:6,1
DA:7,1
DA:8,1
DA:9,1
DA:10,2
DA:11,2
DA:12,2
DA:13,2
DA:14,2
DA:15,1
DA:16,1
DA:17,2
DA:18,2
DA:19,2
DA:20,1
DA:21,1
DA:22,1
DA:23,1
DA:24,2
DA:25,1
DA:26,1
DA:27,1
LF:27
LH:27
BRDA:6,0,0,1
BRDA:9,1,0,2
BRDA:16,2,0,2
BRDA:17,3,0,2
BRDA:19,4,0,1
BRF:5
BRH:5
end_of_record
TN:
SF:src/modules/debts/services/ListAllDebtsFromUserService.ts
FN:13,ListAllDebtsFromUserService
FN:23,Object.<anonymous>.ListAllDebtsFromUserService.execute
FNF:2
FNH:2
FNDA:2,ListAllDebtsFromUserService
FNDA:2,Object.<anonymous>.ListAllDebtsFromUserService.execute
DA:1,1
DA:2,1
DA:3,1
DA:4,1
DA:5,1
DA:6,1
DA:7,1
DA:8,1
DA:9,1
DA:10,1
DA:11,1
DA:12,1
DA:13,1
DA:14,2
DA:15,2
DA:16,2
DA:17,2
DA:18,2
DA:19,2
DA:20,2
DA:21,2
DA:22,1
DA:23,1
DA:24,2
DA:25,2
DA:26,2
DA:27,1
DA:28,1
DA:29,1
DA:30,1
DA:31,1
DA:32,1
DA:33,2
DA:34,1
DA:35,1
DA:36,1
LF:36
LH:36
BRDA:8,0,0,1
BRDA:13,1,0,2
BRDA:23,2,0,2
BRDA:24,3,0,2
BRDA:26,4,0,1
BRF:5
BRH:5
end_of_record
TN:
SF:src/modules/debts/services/UpdateDebtService.ts
FN:16,UpdateDebtService
FN:23,Object.<anonymous>.UpdateDebtService.execute
FNF:2
FNH:2
FNDA:2,UpdateDebtService
FNDA:2,Object.<anonymous>.UpdateDebtService.execute
DA:1,1
DA:2,1
DA:3,1
DA:4,1
DA:5,1
DA:6,1
DA:7,1
DA:8,1
DA:9,1
DA:10,1
DA:11,1
DA:12,1
DA:13,1
DA:14,1
DA:15,1
DA:16,1
DA:17,2
DA:18,2
DA:19,2
DA:20,2
DA:21,2
DA:22,1
DA:23,1
DA:24,2
DA:25,2
DA:26,2
DA:27,2
DA:28,2
DA:29,2
DA:30,2
DA:31,1
DA:32,1
DA:33,1
DA:34,1
DA:35,1
DA:36,1
DA:37,1
DA:38,1
DA:39,1
DA:40,2
DA:41,2
DA:42,1
DA:43,1
DA:44,1
LF:44
LH:44
BRDA:13,0,0,1
BRDA:16,1,0,2
BRDA:23,2,0,2
BRDA:28,3,0,2
BRDA:30,4,0,1
BRF:5
BRH:5
end_of_record
TN:
SF:src/modules/users/infra/services/JsonPlaceholder.ts
FN:5,JsonPlaceholder
FN:6,Object.<anonymous>.JsonPlaceholder.getUsers
FN:14,Object.<anonymous>.JsonPlaceholder.findUserById
FNF:3
FNH:3
FNDA:4,JsonPlaceholder
FNDA:4,Object.<anonymous>.JsonPlaceholder.getUsers
FNDA:4,Object.<anonymous>.JsonPlaceholder.findUserById
DA:1,1
DA:2,1
DA:3,1
DA:4,1
DA:5,4
DA:6,4
DA:7,4
DA:8,4
DA:9,4
DA:10,4
DA:11,4
DA:12,4
DA:13,4
DA:14,4
DA:15,4
DA:16,4
DA:17,4
DA:18,4
DA:19,4
DA:20,2
DA:21,2
DA:22,4
DA:23,4
DA:24,4
DA:25,4
DA:26,1
DA:27,1
LF:27
LH:27
BRDA:5,0,0,2
BRDA:5,1,0,4
BRDA:6,2,0,4
BRDA:7,3,0,4
BRDA:14,4,0,4
BRDA:15,5,0,4
BRDA:19,6,0,2
BRDA:16,7,0,22
BRF:8
BRH:8
end_of_record
